ARM GAS  /var/folders/_j/px34bss161g6w2_6fxy_byhh0000gn/T//ccsglH8I.s 			page 1


   1              		.syntax unified
   2              		.cpu cortex-m4
   3              		.eabi_attribute 27, 1
   4              		.fpu fpv4-sp-d16
   5              		.eabi_attribute 20, 1
   6              		.eabi_attribute 21, 1
   7              		.eabi_attribute 23, 3
   8              		.eabi_attribute 24, 1
   9              		.eabi_attribute 25, 1
  10              		.eabi_attribute 26, 1
  11              		.eabi_attribute 30, 2
  12              		.eabi_attribute 34, 1
  13              		.eabi_attribute 18, 4
  14              		.thumb
  15              		.file	"stm32f4xx_hal_pwr.c"
  16              		.section	.text.HAL_PWR_DeInit,"ax",%progbits
  17              		.align	2
  18              		.global	HAL_PWR_DeInit
  19              		.thumb
  20              		.thumb_func
  22              	HAL_PWR_DeInit:
  23              		@ args = 0, pretend = 0, frame = 0
  24              		@ frame_needed = 0, uses_anonymous_args = 0
  25              		@ link register save eliminated.
  26 0000 044B     		ldr	r3, .L2
  27 0002 1A6A     		ldr	r2, [r3, #32]
  28 0004 42F08052 		orr	r2, r2, #268435456
  29 0008 1A62     		str	r2, [r3, #32]
  30 000a 1A6A     		ldr	r2, [r3, #32]
  31 000c 22F08052 		bic	r2, r2, #268435456
  32 0010 1A62     		str	r2, [r3, #32]
  33 0012 7047     		bx	lr
  34              	.L3:
  35              		.align	2
  36              	.L2:
  37 0014 00380240 		.word	1073887232
  39              		.section	.text.HAL_PWR_EnableBkUpAccess,"ax",%progbits
  40              		.align	2
  41              		.global	HAL_PWR_EnableBkUpAccess
  42              		.thumb
  43              		.thumb_func
  45              	HAL_PWR_EnableBkUpAccess:
  46              		@ args = 0, pretend = 0, frame = 0
  47              		@ frame_needed = 0, uses_anonymous_args = 0
  48              		@ link register save eliminated.
  49 0000 4FF48073 		mov	r3, #256
  50              	@ 531 "Drivers/CMSIS/Include/cmsis_gcc.h" 1
  51 0004 93FAA3F3 		rbit r3, r3
  52              	@ 0 "" 2
  53              		.thumb
  54 0008 B3FA83F3 		clz	r3, r3
  55 000c 03F18453 		add	r3, r3, #276824064
  56 0010 03F56033 		add	r3, r3, #229376
  57 0014 9B00     		lsls	r3, r3, #2
  58 0016 0122     		movs	r2, #1
  59 0018 1A60     		str	r2, [r3]
  60 001a 7047     		bx	lr
ARM GAS  /var/folders/_j/px34bss161g6w2_6fxy_byhh0000gn/T//ccsglH8I.s 			page 2


  62              		.section	.text.HAL_PWR_DisableBkUpAccess,"ax",%progbits
  63              		.align	2
  64              		.global	HAL_PWR_DisableBkUpAccess
  65              		.thumb
  66              		.thumb_func
  68              	HAL_PWR_DisableBkUpAccess:
  69              		@ args = 0, pretend = 0, frame = 0
  70              		@ frame_needed = 0, uses_anonymous_args = 0
  71              		@ link register save eliminated.
  72 0000 4FF48073 		mov	r3, #256
  73              	@ 531 "Drivers/CMSIS/Include/cmsis_gcc.h" 1
  74 0004 93FAA3F3 		rbit r3, r3
  75              	@ 0 "" 2
  76              		.thumb
  77 0008 B3FA83F3 		clz	r3, r3
  78 000c 03F18453 		add	r3, r3, #276824064
  79 0010 03F56033 		add	r3, r3, #229376
  80 0014 9B00     		lsls	r3, r3, #2
  81 0016 0022     		movs	r2, #0
  82 0018 1A60     		str	r2, [r3]
  83 001a 7047     		bx	lr
  85              		.section	.text.HAL_PWR_ConfigPVD,"ax",%progbits
  86              		.align	2
  87              		.global	HAL_PWR_ConfigPVD
  88              		.thumb
  89              		.thumb_func
  91              	HAL_PWR_ConfigPVD:
  92              		@ args = 0, pretend = 0, frame = 0
  93              		@ frame_needed = 0, uses_anonymous_args = 0
  94              		@ link register save eliminated.
  95 0000 10B4     		push	{r4}
  96 0002 1B4C     		ldr	r4, .L25
  97 0004 1B4B     		ldr	r3, .L25+4
  98 0006 2268     		ldr	r2, [r4]
  99 0008 22F0E001 		bic	r1, r2, #224
 100 000c 0268     		ldr	r2, [r0]
 101 000e 0A43     		orrs	r2, r2, r1
 102 0010 2260     		str	r2, [r4]
 103 0012 5A68     		ldr	r2, [r3, #4]
 104 0014 22F48032 		bic	r2, r2, #65536
 105 0018 5A60     		str	r2, [r3, #4]
 106 001a 1A68     		ldr	r2, [r3]
 107 001c 22F48032 		bic	r2, r2, #65536
 108 0020 1A60     		str	r2, [r3]
 109 0022 9A68     		ldr	r2, [r3, #8]
 110 0024 22F48032 		bic	r2, r2, #65536
 111 0028 9A60     		str	r2, [r3, #8]
 112 002a DA68     		ldr	r2, [r3, #12]
 113 002c 22F48032 		bic	r2, r2, #65536
 114 0030 DA60     		str	r2, [r3, #12]
 115 0032 4268     		ldr	r2, [r0, #4]
 116 0034 D403     		lsls	r4, r2, #15
 117 0036 03D5     		bpl	.L7
 118 0038 1968     		ldr	r1, [r3]
 119 003a 41F48031 		orr	r1, r1, #65536
 120 003e 1960     		str	r1, [r3]
 121              	.L7:
ARM GAS  /var/folders/_j/px34bss161g6w2_6fxy_byhh0000gn/T//ccsglH8I.s 			page 3


 122 0040 9003     		lsls	r0, r2, #14
 123 0042 04D5     		bpl	.L8
 124 0044 0B49     		ldr	r1, .L25+4
 125 0046 4B68     		ldr	r3, [r1, #4]
 126 0048 43F48033 		orr	r3, r3, #65536
 127 004c 4B60     		str	r3, [r1, #4]
 128              	.L8:
 129 004e D107     		lsls	r1, r2, #31
 130 0050 04D5     		bpl	.L9
 131 0052 0849     		ldr	r1, .L25+4
 132 0054 8B68     		ldr	r3, [r1, #8]
 133 0056 43F48033 		orr	r3, r3, #65536
 134 005a 8B60     		str	r3, [r1, #8]
 135              	.L9:
 136 005c 9307     		lsls	r3, r2, #30
 137 005e 04D5     		bpl	.L6
 138 0060 044A     		ldr	r2, .L25+4
 139 0062 D368     		ldr	r3, [r2, #12]
 140 0064 43F48033 		orr	r3, r3, #65536
 141 0068 D360     		str	r3, [r2, #12]
 142              	.L6:
 143 006a 5DF8044B 		ldr	r4, [sp], #4
 144 006e 7047     		bx	lr
 145              	.L26:
 146              		.align	2
 147              	.L25:
 148 0070 00700040 		.word	1073770496
 149 0074 003C0140 		.word	1073822720
 151              		.section	.text.HAL_PWR_EnablePVD,"ax",%progbits
 152              		.align	2
 153              		.global	HAL_PWR_EnablePVD
 154              		.thumb
 155              		.thumb_func
 157              	HAL_PWR_EnablePVD:
 158              		@ args = 0, pretend = 0, frame = 0
 159              		@ frame_needed = 0, uses_anonymous_args = 0
 160              		@ link register save eliminated.
 161 0000 1023     		movs	r3, #16
 162              	@ 531 "Drivers/CMSIS/Include/cmsis_gcc.h" 1
 163 0002 93FAA3F3 		rbit r3, r3
 164              	@ 0 "" 2
 165              		.thumb
 166 0006 B3FA83F3 		clz	r3, r3
 167 000a 03F18453 		add	r3, r3, #276824064
 168 000e 03F56033 		add	r3, r3, #229376
 169 0012 9B00     		lsls	r3, r3, #2
 170 0014 0122     		movs	r2, #1
 171 0016 1A60     		str	r2, [r3]
 172 0018 7047     		bx	lr
 174 001a 00BF     		.section	.text.HAL_PWR_DisablePVD,"ax",%progbits
 175              		.align	2
 176              		.global	HAL_PWR_DisablePVD
 177              		.thumb
 178              		.thumb_func
 180              	HAL_PWR_DisablePVD:
 181              		@ args = 0, pretend = 0, frame = 0
 182              		@ frame_needed = 0, uses_anonymous_args = 0
ARM GAS  /var/folders/_j/px34bss161g6w2_6fxy_byhh0000gn/T//ccsglH8I.s 			page 4


 183              		@ link register save eliminated.
 184 0000 1023     		movs	r3, #16
 185              	@ 531 "Drivers/CMSIS/Include/cmsis_gcc.h" 1
 186 0002 93FAA3F3 		rbit r3, r3
 187              	@ 0 "" 2
 188              		.thumb
 189 0006 B3FA83F3 		clz	r3, r3
 190 000a 03F18453 		add	r3, r3, #276824064
 191 000e 03F56033 		add	r3, r3, #229376
 192 0012 9B00     		lsls	r3, r3, #2
 193 0014 0022     		movs	r2, #0
 194 0016 1A60     		str	r2, [r3]
 195 0018 7047     		bx	lr
 197 001a 00BF     		.section	.text.HAL_PWR_EnableWakeUpPin,"ax",%progbits
 198              		.align	2
 199              		.global	HAL_PWR_EnableWakeUpPin
 200              		.thumb
 201              		.thumb_func
 203              	HAL_PWR_EnableWakeUpPin:
 204              		@ args = 0, pretend = 0, frame = 0
 205              		@ frame_needed = 0, uses_anonymous_args = 0
 206              		@ link register save eliminated.
 207 0000 024A     		ldr	r2, .L30
 208 0002 5368     		ldr	r3, [r2, #4]
 209 0004 1843     		orrs	r0, r0, r3
 210 0006 5060     		str	r0, [r2, #4]
 211 0008 7047     		bx	lr
 212              	.L31:
 213 000a 00BF     		.align	2
 214              	.L30:
 215 000c 00700040 		.word	1073770496
 217              		.section	.text.HAL_PWR_DisableWakeUpPin,"ax",%progbits
 218              		.align	2
 219              		.global	HAL_PWR_DisableWakeUpPin
 220              		.thumb
 221              		.thumb_func
 223              	HAL_PWR_DisableWakeUpPin:
 224              		@ args = 0, pretend = 0, frame = 0
 225              		@ frame_needed = 0, uses_anonymous_args = 0
 226              		@ link register save eliminated.
 227 0000 024A     		ldr	r2, .L33
 228 0002 5368     		ldr	r3, [r2, #4]
 229 0004 23EA0000 		bic	r0, r3, r0
 230 0008 5060     		str	r0, [r2, #4]
 231 000a 7047     		bx	lr
 232              	.L34:
 233              		.align	2
 234              	.L33:
 235 000c 00700040 		.word	1073770496
 237              		.section	.text.HAL_PWR_EnterSLEEPMode,"ax",%progbits
 238              		.align	2
 239              		.global	HAL_PWR_EnterSLEEPMode
 240              		.thumb
 241              		.thumb_func
 243              	HAL_PWR_EnterSLEEPMode:
 244              		@ args = 0, pretend = 0, frame = 0
 245              		@ frame_needed = 0, uses_anonymous_args = 0
ARM GAS  /var/folders/_j/px34bss161g6w2_6fxy_byhh0000gn/T//ccsglH8I.s 			page 5


 246              		@ link register save eliminated.
 247 0000 064A     		ldr	r2, .L39
 248 0002 1369     		ldr	r3, [r2, #16]
 249 0004 0129     		cmp	r1, #1
 250 0006 23F00403 		bic	r3, r3, #4
 251 000a 1361     		str	r3, [r2, #16]
 252 000c 03D0     		beq	.L38
 253              	@ 406 "Drivers/CMSIS/Include/cmsis_gcc.h" 1
 254 000e 40BF     		sev
 255              	@ 0 "" 2
 256              	@ 396 "Drivers/CMSIS/Include/cmsis_gcc.h" 1
 257 0010 20BF     		wfe
 258              	@ 0 "" 2
 259              	@ 396 "Drivers/CMSIS/Include/cmsis_gcc.h" 1
 260 0012 20BF     		wfe
 261              	@ 0 "" 2
 262              		.thumb
 263 0014 7047     		bx	lr
 264              	.L38:
 265              	@ 385 "Drivers/CMSIS/Include/cmsis_gcc.h" 1
 266 0016 30BF     		wfi
 267              	@ 0 "" 2
 268              		.thumb
 269 0018 7047     		bx	lr
 270              	.L40:
 271 001a 00BF     		.align	2
 272              	.L39:
 273 001c 00ED00E0 		.word	-536810240
 275              		.section	.text.HAL_PWR_EnterSTOPMode,"ax",%progbits
 276              		.align	2
 277              		.global	HAL_PWR_EnterSTOPMode
 278              		.thumb
 279              		.thumb_func
 281              	HAL_PWR_EnterSTOPMode:
 282              		@ args = 0, pretend = 0, frame = 0
 283              		@ frame_needed = 0, uses_anonymous_args = 0
 284              		@ link register save eliminated.
 285 0000 10B4     		push	{r4}
 286 0002 0D4C     		ldr	r4, .L46
 287 0004 0D4A     		ldr	r2, .L46+4
 288 0006 2368     		ldr	r3, [r4]
 289 0008 23F00303 		bic	r3, r3, #3
 290 000c 1843     		orrs	r0, r0, r3
 291 000e 2060     		str	r0, [r4]
 292 0010 1369     		ldr	r3, [r2, #16]
 293 0012 0129     		cmp	r1, #1
 294 0014 43F00403 		orr	r3, r3, #4
 295 0018 1361     		str	r3, [r2, #16]
 296 001a 0AD0     		beq	.L45
 297              	@ 406 "Drivers/CMSIS/Include/cmsis_gcc.h" 1
 298 001c 40BF     		sev
 299              	@ 0 "" 2
 300              	@ 396 "Drivers/CMSIS/Include/cmsis_gcc.h" 1
 301 001e 20BF     		wfe
 302              	@ 0 "" 2
 303              	@ 396 "Drivers/CMSIS/Include/cmsis_gcc.h" 1
 304 0020 20BF     		wfe
ARM GAS  /var/folders/_j/px34bss161g6w2_6fxy_byhh0000gn/T//ccsglH8I.s 			page 6


 305              	@ 0 "" 2
 306              		.thumb
 307              	.L43:
 308 0022 064A     		ldr	r2, .L46+4
 309 0024 5DF8044B 		ldr	r4, [sp], #4
 310 0028 1369     		ldr	r3, [r2, #16]
 311 002a 23F00403 		bic	r3, r3, #4
 312 002e 1361     		str	r3, [r2, #16]
 313 0030 7047     		bx	lr
 314              	.L45:
 315              	@ 385 "Drivers/CMSIS/Include/cmsis_gcc.h" 1
 316 0032 30BF     		wfi
 317              	@ 0 "" 2
 318              		.thumb
 319 0034 F5E7     		b	.L43
 320              	.L47:
 321 0036 00BF     		.align	2
 322              	.L46:
 323 0038 00700040 		.word	1073770496
 324 003c 00ED00E0 		.word	-536810240
 326              		.section	.text.HAL_PWR_EnterSTANDBYMode,"ax",%progbits
 327              		.align	2
 328              		.global	HAL_PWR_EnterSTANDBYMode
 329              		.thumb
 330              		.thumb_func
 332              	HAL_PWR_EnterSTANDBYMode:
 333              		@ args = 0, pretend = 0, frame = 0
 334              		@ frame_needed = 0, uses_anonymous_args = 0
 335              		@ link register save eliminated.
 336 0000 0549     		ldr	r1, .L49
 337 0002 064A     		ldr	r2, .L49+4
 338 0004 0B68     		ldr	r3, [r1]
 339 0006 43F00203 		orr	r3, r3, #2
 340 000a 0B60     		str	r3, [r1]
 341 000c 1369     		ldr	r3, [r2, #16]
 342 000e 43F00403 		orr	r3, r3, #4
 343 0012 1361     		str	r3, [r2, #16]
 344              	@ 385 "Drivers/CMSIS/Include/cmsis_gcc.h" 1
 345 0014 30BF     		wfi
 346              	@ 0 "" 2
 347              		.thumb
 348 0016 7047     		bx	lr
 349              	.L50:
 350              		.align	2
 351              	.L49:
 352 0018 00700040 		.word	1073770496
 353 001c 00ED00E0 		.word	-536810240
 355              		.section	.text.HAL_PWR_PVDCallback,"ax",%progbits
 356              		.align	2
 357              		.weak	HAL_PWR_PVDCallback
 358              		.thumb
 359              		.thumb_func
 361              	HAL_PWR_PVDCallback:
 362              		@ args = 0, pretend = 0, frame = 0
 363              		@ frame_needed = 0, uses_anonymous_args = 0
 364              		@ link register save eliminated.
 365 0000 7047     		bx	lr
ARM GAS  /var/folders/_j/px34bss161g6w2_6fxy_byhh0000gn/T//ccsglH8I.s 			page 7


 367 0002 00BF     		.section	.text.HAL_PWR_PVD_IRQHandler,"ax",%progbits
 368              		.align	2
 369              		.global	HAL_PWR_PVD_IRQHandler
 370              		.thumb
 371              		.thumb_func
 373              	HAL_PWR_PVD_IRQHandler:
 374              		@ args = 0, pretend = 0, frame = 0
 375              		@ frame_needed = 0, uses_anonymous_args = 0
 376 0000 10B5     		push	{r4, lr}
 377 0002 054C     		ldr	r4, .L58
 378 0004 6369     		ldr	r3, [r4, #20]
 379 0006 DB03     		lsls	r3, r3, #15
 380 0008 04D5     		bpl	.L52
 381 000a FFF7FEFF 		bl	HAL_PWR_PVDCallback
 382 000e 4FF48033 		mov	r3, #65536
 383 0012 6361     		str	r3, [r4, #20]
 384              	.L52:
 385 0014 10BD     		pop	{r4, pc}
 386              	.L59:
 387 0016 00BF     		.align	2
 388              	.L58:
 389 0018 003C0140 		.word	1073822720
 391              		.section	.text.HAL_PWR_EnableSleepOnExit,"ax",%progbits
 392              		.align	2
 393              		.global	HAL_PWR_EnableSleepOnExit
 394              		.thumb
 395              		.thumb_func
 397              	HAL_PWR_EnableSleepOnExit:
 398              		@ args = 0, pretend = 0, frame = 0
 399              		@ frame_needed = 0, uses_anonymous_args = 0
 400              		@ link register save eliminated.
 401 0000 024A     		ldr	r2, .L61
 402 0002 1369     		ldr	r3, [r2, #16]
 403 0004 43F00203 		orr	r3, r3, #2
 404 0008 1361     		str	r3, [r2, #16]
 405 000a 7047     		bx	lr
 406              	.L62:
 407              		.align	2
 408              	.L61:
 409 000c 00ED00E0 		.word	-536810240
 411              		.section	.text.HAL_PWR_DisableSleepOnExit,"ax",%progbits
 412              		.align	2
 413              		.global	HAL_PWR_DisableSleepOnExit
 414              		.thumb
 415              		.thumb_func
 417              	HAL_PWR_DisableSleepOnExit:
 418              		@ args = 0, pretend = 0, frame = 0
 419              		@ frame_needed = 0, uses_anonymous_args = 0
 420              		@ link register save eliminated.
 421 0000 024A     		ldr	r2, .L64
 422 0002 1369     		ldr	r3, [r2, #16]
 423 0004 23F00203 		bic	r3, r3, #2
 424 0008 1361     		str	r3, [r2, #16]
 425 000a 7047     		bx	lr
 426              	.L65:
 427              		.align	2
 428              	.L64:
ARM GAS  /var/folders/_j/px34bss161g6w2_6fxy_byhh0000gn/T//ccsglH8I.s 			page 8


 429 000c 00ED00E0 		.word	-536810240
 431              		.section	.text.HAL_PWR_EnableSEVOnPend,"ax",%progbits
 432              		.align	2
 433              		.global	HAL_PWR_EnableSEVOnPend
 434              		.thumb
 435              		.thumb_func
 437              	HAL_PWR_EnableSEVOnPend:
 438              		@ args = 0, pretend = 0, frame = 0
 439              		@ frame_needed = 0, uses_anonymous_args = 0
 440              		@ link register save eliminated.
 441 0000 024A     		ldr	r2, .L67
 442 0002 1369     		ldr	r3, [r2, #16]
 443 0004 43F01003 		orr	r3, r3, #16
 444 0008 1361     		str	r3, [r2, #16]
 445 000a 7047     		bx	lr
 446              	.L68:
 447              		.align	2
 448              	.L67:
 449 000c 00ED00E0 		.word	-536810240
 451              		.section	.text.HAL_PWR_DisableSEVOnPend,"ax",%progbits
 452              		.align	2
 453              		.global	HAL_PWR_DisableSEVOnPend
 454              		.thumb
 455              		.thumb_func
 457              	HAL_PWR_DisableSEVOnPend:
 458              		@ args = 0, pretend = 0, frame = 0
 459              		@ frame_needed = 0, uses_anonymous_args = 0
 460              		@ link register save eliminated.
 461 0000 024A     		ldr	r2, .L70
 462 0002 1369     		ldr	r3, [r2, #16]
 463 0004 23F01003 		bic	r3, r3, #16
 464 0008 1361     		str	r3, [r2, #16]
 465 000a 7047     		bx	lr
 466              	.L71:
 467              		.align	2
 468              	.L70:
 469 000c 00ED00E0 		.word	-536810240
 471              		.ident	"GCC: (GNU Tools for ARM Embedded Processors) 4.9.3 20150529 (release) [ARM/embedded-4_9-br
ARM GAS  /var/folders/_j/px34bss161g6w2_6fxy_byhh0000gn/T//ccsglH8I.s 			page 9


DEFINED SYMBOLS
                            *ABS*:0000000000000000 stm32f4xx_hal_pwr.c
/var/folders/_j/px34bss161g6w2_6fxy_byhh0000gn/T//ccsglH8I.s:17     .text.HAL_PWR_DeInit:0000000000000000 $t
/var/folders/_j/px34bss161g6w2_6fxy_byhh0000gn/T//ccsglH8I.s:22     .text.HAL_PWR_DeInit:0000000000000000 HAL_PWR_DeInit
/var/folders/_j/px34bss161g6w2_6fxy_byhh0000gn/T//ccsglH8I.s:37     .text.HAL_PWR_DeInit:0000000000000014 $d
/var/folders/_j/px34bss161g6w2_6fxy_byhh0000gn/T//ccsglH8I.s:40     .text.HAL_PWR_EnableBkUpAccess:0000000000000000 $t
/var/folders/_j/px34bss161g6w2_6fxy_byhh0000gn/T//ccsglH8I.s:45     .text.HAL_PWR_EnableBkUpAccess:0000000000000000 HAL_PWR_EnableBkUpAccess
/var/folders/_j/px34bss161g6w2_6fxy_byhh0000gn/T//ccsglH8I.s:63     .text.HAL_PWR_DisableBkUpAccess:0000000000000000 $t
/var/folders/_j/px34bss161g6w2_6fxy_byhh0000gn/T//ccsglH8I.s:68     .text.HAL_PWR_DisableBkUpAccess:0000000000000000 HAL_PWR_DisableBkUpAccess
/var/folders/_j/px34bss161g6w2_6fxy_byhh0000gn/T//ccsglH8I.s:86     .text.HAL_PWR_ConfigPVD:0000000000000000 $t
/var/folders/_j/px34bss161g6w2_6fxy_byhh0000gn/T//ccsglH8I.s:91     .text.HAL_PWR_ConfigPVD:0000000000000000 HAL_PWR_ConfigPVD
/var/folders/_j/px34bss161g6w2_6fxy_byhh0000gn/T//ccsglH8I.s:148    .text.HAL_PWR_ConfigPVD:0000000000000070 $d
/var/folders/_j/px34bss161g6w2_6fxy_byhh0000gn/T//ccsglH8I.s:152    .text.HAL_PWR_EnablePVD:0000000000000000 $t
/var/folders/_j/px34bss161g6w2_6fxy_byhh0000gn/T//ccsglH8I.s:157    .text.HAL_PWR_EnablePVD:0000000000000000 HAL_PWR_EnablePVD
/var/folders/_j/px34bss161g6w2_6fxy_byhh0000gn/T//ccsglH8I.s:175    .text.HAL_PWR_DisablePVD:0000000000000000 $t
/var/folders/_j/px34bss161g6w2_6fxy_byhh0000gn/T//ccsglH8I.s:180    .text.HAL_PWR_DisablePVD:0000000000000000 HAL_PWR_DisablePVD
/var/folders/_j/px34bss161g6w2_6fxy_byhh0000gn/T//ccsglH8I.s:198    .text.HAL_PWR_EnableWakeUpPin:0000000000000000 $t
/var/folders/_j/px34bss161g6w2_6fxy_byhh0000gn/T//ccsglH8I.s:203    .text.HAL_PWR_EnableWakeUpPin:0000000000000000 HAL_PWR_EnableWakeUpPin
/var/folders/_j/px34bss161g6w2_6fxy_byhh0000gn/T//ccsglH8I.s:215    .text.HAL_PWR_EnableWakeUpPin:000000000000000c $d
/var/folders/_j/px34bss161g6w2_6fxy_byhh0000gn/T//ccsglH8I.s:218    .text.HAL_PWR_DisableWakeUpPin:0000000000000000 $t
/var/folders/_j/px34bss161g6w2_6fxy_byhh0000gn/T//ccsglH8I.s:223    .text.HAL_PWR_DisableWakeUpPin:0000000000000000 HAL_PWR_DisableWakeUpPin
/var/folders/_j/px34bss161g6w2_6fxy_byhh0000gn/T//ccsglH8I.s:235    .text.HAL_PWR_DisableWakeUpPin:000000000000000c $d
/var/folders/_j/px34bss161g6w2_6fxy_byhh0000gn/T//ccsglH8I.s:238    .text.HAL_PWR_EnterSLEEPMode:0000000000000000 $t
/var/folders/_j/px34bss161g6w2_6fxy_byhh0000gn/T//ccsglH8I.s:243    .text.HAL_PWR_EnterSLEEPMode:0000000000000000 HAL_PWR_EnterSLEEPMode
/var/folders/_j/px34bss161g6w2_6fxy_byhh0000gn/T//ccsglH8I.s:273    .text.HAL_PWR_EnterSLEEPMode:000000000000001c $d
/var/folders/_j/px34bss161g6w2_6fxy_byhh0000gn/T//ccsglH8I.s:276    .text.HAL_PWR_EnterSTOPMode:0000000000000000 $t
/var/folders/_j/px34bss161g6w2_6fxy_byhh0000gn/T//ccsglH8I.s:281    .text.HAL_PWR_EnterSTOPMode:0000000000000000 HAL_PWR_EnterSTOPMode
/var/folders/_j/px34bss161g6w2_6fxy_byhh0000gn/T//ccsglH8I.s:323    .text.HAL_PWR_EnterSTOPMode:0000000000000038 $d
/var/folders/_j/px34bss161g6w2_6fxy_byhh0000gn/T//ccsglH8I.s:327    .text.HAL_PWR_EnterSTANDBYMode:0000000000000000 $t
/var/folders/_j/px34bss161g6w2_6fxy_byhh0000gn/T//ccsglH8I.s:332    .text.HAL_PWR_EnterSTANDBYMode:0000000000000000 HAL_PWR_EnterSTANDBYMode
/var/folders/_j/px34bss161g6w2_6fxy_byhh0000gn/T//ccsglH8I.s:352    .text.HAL_PWR_EnterSTANDBYMode:0000000000000018 $d
/var/folders/_j/px34bss161g6w2_6fxy_byhh0000gn/T//ccsglH8I.s:356    .text.HAL_PWR_PVDCallback:0000000000000000 $t
/var/folders/_j/px34bss161g6w2_6fxy_byhh0000gn/T//ccsglH8I.s:361    .text.HAL_PWR_PVDCallback:0000000000000000 HAL_PWR_PVDCallback
/var/folders/_j/px34bss161g6w2_6fxy_byhh0000gn/T//ccsglH8I.s:368    .text.HAL_PWR_PVD_IRQHandler:0000000000000000 $t
/var/folders/_j/px34bss161g6w2_6fxy_byhh0000gn/T//ccsglH8I.s:373    .text.HAL_PWR_PVD_IRQHandler:0000000000000000 HAL_PWR_PVD_IRQHandler
/var/folders/_j/px34bss161g6w2_6fxy_byhh0000gn/T//ccsglH8I.s:389    .text.HAL_PWR_PVD_IRQHandler:0000000000000018 $d
/var/folders/_j/px34bss161g6w2_6fxy_byhh0000gn/T//ccsglH8I.s:392    .text.HAL_PWR_EnableSleepOnExit:0000000000000000 $t
/var/folders/_j/px34bss161g6w2_6fxy_byhh0000gn/T//ccsglH8I.s:397    .text.HAL_PWR_EnableSleepOnExit:0000000000000000 HAL_PWR_EnableSleepOnExit
/var/folders/_j/px34bss161g6w2_6fxy_byhh0000gn/T//ccsglH8I.s:409    .text.HAL_PWR_EnableSleepOnExit:000000000000000c $d
/var/folders/_j/px34bss161g6w2_6fxy_byhh0000gn/T//ccsglH8I.s:412    .text.HAL_PWR_DisableSleepOnExit:0000000000000000 $t
/var/folders/_j/px34bss161g6w2_6fxy_byhh0000gn/T//ccsglH8I.s:417    .text.HAL_PWR_DisableSleepOnExit:0000000000000000 HAL_PWR_DisableSleepOnExit
/var/folders/_j/px34bss161g6w2_6fxy_byhh0000gn/T//ccsglH8I.s:429    .text.HAL_PWR_DisableSleepOnExit:000000000000000c $d
/var/folders/_j/px34bss161g6w2_6fxy_byhh0000gn/T//ccsglH8I.s:432    .text.HAL_PWR_EnableSEVOnPend:0000000000000000 $t
/var/folders/_j/px34bss161g6w2_6fxy_byhh0000gn/T//ccsglH8I.s:437    .text.HAL_PWR_EnableSEVOnPend:0000000000000000 HAL_PWR_EnableSEVOnPend
/var/folders/_j/px34bss161g6w2_6fxy_byhh0000gn/T//ccsglH8I.s:449    .text.HAL_PWR_EnableSEVOnPend:000000000000000c $d
/var/folders/_j/px34bss161g6w2_6fxy_byhh0000gn/T//ccsglH8I.s:452    .text.HAL_PWR_DisableSEVOnPend:0000000000000000 $t
/var/folders/_j/px34bss161g6w2_6fxy_byhh0000gn/T//ccsglH8I.s:457    .text.HAL_PWR_DisableSEVOnPend:0000000000000000 HAL_PWR_DisableSEVOnPend
/var/folders/_j/px34bss161g6w2_6fxy_byhh0000gn/T//ccsglH8I.s:469    .text.HAL_PWR_DisableSEVOnPend:000000000000000c $d

NO UNDEFINED SYMBOLS
