ARM GAS  /var/folders/_j/px34bss161g6w2_6fxy_byhh0000gn/T//ccvgr47f.s 			page 1


   1              		.syntax unified
   2              		.cpu cortex-m4
   3              		.eabi_attribute 27, 1
   4              		.fpu fpv4-sp-d16
   5              		.eabi_attribute 20, 1
   6              		.eabi_attribute 21, 1
   7              		.eabi_attribute 23, 3
   8              		.eabi_attribute 24, 1
   9              		.eabi_attribute 25, 1
  10              		.eabi_attribute 26, 1
  11              		.eabi_attribute 30, 2
  12              		.eabi_attribute 34, 1
  13              		.eabi_attribute 18, 4
  14              		.thumb
  15              		.file	"stm32f4xx_hal_flash_ex.c"
  16              		.section	.text.HAL_FLASHEx_OBProgram,"ax",%progbits
  17              		.align	2
  18              		.global	HAL_FLASHEx_OBProgram
  19              		.thumb
  20              		.thumb_func
  22              	HAL_FLASHEx_OBProgram:
  23              		@ args = 0, pretend = 0, frame = 0
  24              		@ frame_needed = 0, uses_anonymous_args = 0
  25 0000 70B5     		push	{r4, r5, r6, lr}
  26 0002 2F4D     		ldr	r5, .L33
  27 0004 2B7E     		ldrb	r3, [r5, #24]	@ zero_extendqisi2
  28 0006 012B     		cmp	r3, #1
  29 0008 29D0     		beq	.L12
  30 000a 0368     		ldr	r3, [r0]
  31 000c 0446     		mov	r4, r0
  32 000e DE07     		lsls	r6, r3, #31
  33 0010 4FF00100 		mov	r0, #1
  34 0014 2876     		strb	r0, [r5, #24]
  35 0016 0FD5     		bpl	.L3
  36 0018 6368     		ldr	r3, [r4, #4]
  37 001a A668     		ldr	r6, [r4, #8]
  38 001c 8342     		cmp	r3, r0
  39 001e 4CF25030 		movw	r0, #50000
  40 0022 3DD0     		beq	.L28
  41 0024 FFF7FEFF 		bl	FLASH_WaitForLastOperation
  42 0028 0028     		cmp	r0, #0
  43 002a 3CD1     		bne	.L24
  44 002c 2549     		ldr	r1, .L33+4
  45 002e 2368     		ldr	r3, [r4]
  46 0030 0A88     		ldrh	r2, [r1]
  47 0032 3243     		orrs	r2, r2, r6
  48 0034 92B2     		uxth	r2, r2
  49 0036 0A80     		strh	r2, [r1]	@ movhi
  50              	.L3:
  51 0038 9907     		lsls	r1, r3, #30
  52 003a 24D4     		bmi	.L29
  53              	.L7:
  54 003c 5A07     		lsls	r2, r3, #29
  55 003e 10D4     		bmi	.L30
  56              	.L9:
  57 0040 1B07     		lsls	r3, r3, #28
  58 0042 09D5     		bpl	.L11
ARM GAS  /var/folders/_j/px34bss161g6w2_6fxy_byhh0000gn/T//ccvgr47f.s 			page 2


  59              	.L31:
  60 0044 204B     		ldr	r3, .L33+8
  61 0046 207D     		ldrb	r0, [r4, #20]	@ zero_extendqisi2
  62 0048 1978     		ldrb	r1, [r3]	@ zero_extendqisi2
  63 004a 01F0F301 		and	r1, r1, #243
  64 004e 1970     		strb	r1, [r3]
  65 0050 1A78     		ldrb	r2, [r3]	@ zero_extendqisi2
  66 0052 0243     		orrs	r2, r2, r0
  67 0054 1A70     		strb	r2, [r3]
  68 0056 0020     		movs	r0, #0
  69              	.L11:
  70 0058 0023     		movs	r3, #0
  71 005a 2B76     		strb	r3, [r5, #24]
  72 005c 70BD     		pop	{r4, r5, r6, pc}
  73              	.L12:
  74 005e 0220     		movs	r0, #2
  75 0060 70BD     		pop	{r4, r5, r6, pc}
  76              	.L30:
  77 0062 4CF25030 		movw	r0, #50000
  78 0066 267E     		ldrb	r6, [r4, #24]	@ zero_extendqisi2
  79 0068 FFF7FEFF 		bl	FLASH_WaitForLastOperation
  80 006c 38B9     		cbnz	r0, .L26
  81 006e 164A     		ldr	r2, .L33+8
  82 0070 1378     		ldrb	r3, [r2]	@ zero_extendqisi2
  83 0072 06F0E006 		and	r6, r6, #224
  84 0076 03F01F03 		and	r3, r3, #31
  85 007a 3343     		orrs	r3, r3, r6
  86 007c 1370     		strb	r3, [r2]
  87              	.L26:
  88 007e 2368     		ldr	r3, [r4]
  89 0080 1B07     		lsls	r3, r3, #28
  90 0082 E9D5     		bpl	.L11
  91 0084 DEE7     		b	.L31
  92              	.L29:
  93 0086 4CF25030 		movw	r0, #50000
  94 008a 2669     		ldr	r6, [r4, #16]
  95 008c FFF7FEFF 		bl	FLASH_WaitForLastOperation
  96 0090 10B9     		cbnz	r0, .L25
  97 0092 0E4B     		ldr	r3, .L33+12
  98 0094 F6B2     		uxtb	r6, r6
  99 0096 1E70     		strb	r6, [r3]
 100              	.L25:
 101 0098 2368     		ldr	r3, [r4]
 102 009a 5A07     		lsls	r2, r3, #29
 103 009c D0D5     		bpl	.L9
 104 009e E0E7     		b	.L30
 105              	.L28:
 106 00a0 FFF7FEFF 		bl	FLASH_WaitForLastOperation
 107 00a4 18B1     		cbz	r0, .L32
 108              	.L24:
 109 00a6 2368     		ldr	r3, [r4]
 110 00a8 9907     		lsls	r1, r3, #30
 111 00aa C7D5     		bpl	.L7
 112 00ac EBE7     		b	.L29
 113              	.L32:
 114 00ae 0549     		ldr	r1, .L33+4
 115 00b0 2368     		ldr	r3, [r4]
ARM GAS  /var/folders/_j/px34bss161g6w2_6fxy_byhh0000gn/T//ccvgr47f.s 			page 3


 116 00b2 0A88     		ldrh	r2, [r1]
 117 00b4 92B2     		uxth	r2, r2
 118 00b6 22EA0602 		bic	r2, r2, r6
 119 00ba 0A80     		strh	r2, [r1]	@ movhi
 120 00bc BCE7     		b	.L3
 121              	.L34:
 122 00be 00BF     		.align	2
 123              	.L33:
 124 00c0 00000000 		.word	pFlash
 125 00c4 163C0240 		.word	1073888278
 126 00c8 143C0240 		.word	1073888276
 127 00cc 153C0240 		.word	1073888277
 129              		.section	.text.HAL_FLASHEx_OBGetConfig,"ax",%progbits
 130              		.align	2
 131              		.global	HAL_FLASHEx_OBGetConfig
 132              		.thumb
 133              		.thumb_func
 135              	HAL_FLASHEx_OBGetConfig:
 136              		@ args = 0, pretend = 0, frame = 0
 137              		@ frame_needed = 0, uses_anonymous_args = 0
 138              		@ link register save eliminated.
 139 0000 0D4B     		ldr	r3, .L39
 140 0002 0E4A     		ldr	r2, .L39+4
 141 0004 1B88     		ldrh	r3, [r3]
 142 0006 0F21     		movs	r1, #15
 143 0008 9BB2     		uxth	r3, r3
 144 000a 0160     		str	r1, [r0]
 145 000c 8360     		str	r3, [r0, #8]
 146 000e 1378     		ldrb	r3, [r2]	@ zero_extendqisi2
 147 0010 DBB2     		uxtb	r3, r3
 148 0012 CC2B     		cmp	r3, #204
 149 0014 04D0     		beq	.L36
 150 0016 1378     		ldrb	r3, [r2]	@ zero_extendqisi2
 151 0018 552B     		cmp	r3, #85
 152 001a 0CBF     		ite	eq
 153 001c 5523     		moveq	r3, #85
 154 001e AA23     		movne	r3, #170
 155              	.L36:
 156 0020 074A     		ldr	r2, .L39+8
 157 0022 0361     		str	r3, [r0, #16]
 158 0024 5369     		ldr	r3, [r2, #20]
 159 0026 23F01F03 		bic	r3, r3, #31
 160 002a 0376     		strb	r3, [r0, #24]
 161 002c 137D     		ldrb	r3, [r2, #20]	@ zero_extendqisi2
 162 002e 03F00C03 		and	r3, r3, #12
 163 0032 4361     		str	r3, [r0, #20]
 164 0034 7047     		bx	lr
 165              	.L40:
 166 0036 00BF     		.align	2
 167              	.L39:
 168 0038 163C0240 		.word	1073888278
 169 003c 153C0240 		.word	1073888277
 170 0040 003C0240 		.word	1073888256
 172              		.section	.text.HAL_FLASHEx_AdvOBProgram,"ax",%progbits
 173              		.align	2
 174              		.global	HAL_FLASHEx_AdvOBProgram
 175              		.thumb
ARM GAS  /var/folders/_j/px34bss161g6w2_6fxy_byhh0000gn/T//ccvgr47f.s 			page 4


 176              		.thumb_func
 178              	HAL_FLASHEx_AdvOBProgram:
 179              		@ args = 0, pretend = 0, frame = 0
 180              		@ frame_needed = 0, uses_anonymous_args = 0
 181 0000 0368     		ldr	r3, [r0]
 182 0002 DB07     		lsls	r3, r3, #31
 183 0004 12D5     		bpl	.L44
 184 0006 4268     		ldr	r2, [r0, #4]
 185 0008 0346     		mov	r3, r0
 186 000a 012A     		cmp	r2, #1
 187 000c 10B5     		push	{r4, lr}
 188 000e 4CF25030 		movw	r0, #50000
 189 0012 1C89     		ldrh	r4, [r3, #8]
 190 0014 0CD0     		beq	.L47
 191 0016 FFF7FEFF 		bl	FLASH_WaitForLastOperation
 192 001a 30B9     		cbnz	r0, .L42
 193 001c 094A     		ldr	r2, .L48
 194 001e 1388     		ldrh	r3, [r2]
 195 0020 9BB2     		uxth	r3, r3
 196 0022 23EA0403 		bic	r3, r3, r4
 197 0026 1380     		strh	r3, [r2]	@ movhi
 198 0028 10BD     		pop	{r4, pc}
 199              	.L42:
 200 002a 10BD     		pop	{r4, pc}
 201              	.L44:
 202 002c 0120     		movs	r0, #1
 203 002e 7047     		bx	lr
 204              	.L47:
 205 0030 FFF7FEFF 		bl	FLASH_WaitForLastOperation
 206 0034 0028     		cmp	r0, #0
 207 0036 F8D1     		bne	.L42
 208 0038 024A     		ldr	r2, .L48
 209 003a 1388     		ldrh	r3, [r2]
 210 003c 9BB2     		uxth	r3, r3
 211 003e 1C43     		orrs	r4, r4, r3
 212 0040 1480     		strh	r4, [r2]	@ movhi
 213 0042 10BD     		pop	{r4, pc}
 214              	.L49:
 215              		.align	2
 216              	.L48:
 217 0044 163C0240 		.word	1073888278
 219              		.section	.text.HAL_FLASHEx_AdvOBGetConfig,"ax",%progbits
 220              		.align	2
 221              		.global	HAL_FLASHEx_AdvOBGetConfig
 222              		.thumb
 223              		.thumb_func
 225              	HAL_FLASHEx_AdvOBGetConfig:
 226              		@ args = 0, pretend = 0, frame = 0
 227              		@ frame_needed = 0, uses_anonymous_args = 0
 228              		@ link register save eliminated.
 229 0000 014B     		ldr	r3, .L51
 230 0002 1B88     		ldrh	r3, [r3]
 231 0004 0381     		strh	r3, [r0, #8]	@ movhi
 232 0006 7047     		bx	lr
 233              	.L52:
 234              		.align	2
 235              	.L51:
ARM GAS  /var/folders/_j/px34bss161g6w2_6fxy_byhh0000gn/T//ccvgr47f.s 			page 5


 236 0008 163C0240 		.word	1073888278
 238              		.section	.text.HAL_FLASHEx_OB_SelectPCROP,"ax",%progbits
 239              		.align	2
 240              		.global	HAL_FLASHEx_OB_SelectPCROP
 241              		.thumb
 242              		.thumb_func
 244              	HAL_FLASHEx_OB_SelectPCROP:
 245              		@ args = 0, pretend = 0, frame = 0
 246              		@ frame_needed = 0, uses_anonymous_args = 0
 247              		@ link register save eliminated.
 248 0000 034A     		ldr	r2, .L54
 249 0002 1378     		ldrb	r3, [r2]	@ zero_extendqisi2
 250 0004 43F08003 		orr	r3, r3, #128
 251 0008 1370     		strb	r3, [r2]
 252 000a 0020     		movs	r0, #0
 253 000c 7047     		bx	lr
 254              	.L55:
 255 000e 00BF     		.align	2
 256              	.L54:
 257 0010 173C0240 		.word	1073888279
 259              		.section	.text.HAL_FLASHEx_OB_DeSelectPCROP,"ax",%progbits
 260              		.align	2
 261              		.global	HAL_FLASHEx_OB_DeSelectPCROP
 262              		.thumb
 263              		.thumb_func
 265              	HAL_FLASHEx_OB_DeSelectPCROP:
 266              		@ args = 0, pretend = 0, frame = 0
 267              		@ frame_needed = 0, uses_anonymous_args = 0
 268              		@ link register save eliminated.
 269 0000 034A     		ldr	r2, .L57
 270 0002 1378     		ldrb	r3, [r2]	@ zero_extendqisi2
 271 0004 03F07F03 		and	r3, r3, #127
 272 0008 1370     		strb	r3, [r2]
 273 000a 0020     		movs	r0, #0
 274 000c 7047     		bx	lr
 275              	.L58:
 276 000e 00BF     		.align	2
 277              	.L57:
 278 0010 173C0240 		.word	1073888279
 280              		.section	.text.FLASH_Erase_Sector,"ax",%progbits
 281              		.align	2
 282              		.global	FLASH_Erase_Sector
 283              		.thumb
 284              		.thumb_func
 286              	FLASH_Erase_Sector:
 287              		@ args = 0, pretend = 0, frame = 0
 288              		@ frame_needed = 0, uses_anonymous_args = 0
 289              		@ link register save eliminated.
 290 0000 39B1     		cbz	r1, .L60
 291 0002 0129     		cmp	r1, #1
 292 0004 21D0     		beq	.L62
 293 0006 0229     		cmp	r1, #2
 294 0008 0CBF     		ite	eq
 295 000a 4FF40071 		moveq	r1, #512
 296 000e 4FF44071 		movne	r1, #768
 297              	.L60:
 298 0012 0F4B     		ldr	r3, .L64
ARM GAS  /var/folders/_j/px34bss161g6w2_6fxy_byhh0000gn/T//ccvgr47f.s 			page 6


 299 0014 1A69     		ldr	r2, [r3, #16]
 300 0016 22F44072 		bic	r2, r2, #768
 301 001a 1A61     		str	r2, [r3, #16]
 302 001c 1A69     		ldr	r2, [r3, #16]
 303 001e 1143     		orrs	r1, r1, r2
 304 0020 1961     		str	r1, [r3, #16]
 305 0022 1A69     		ldr	r2, [r3, #16]
 306 0024 22F0F802 		bic	r2, r2, #248
 307 0028 1A61     		str	r2, [r3, #16]
 308 002a F822     		movs	r2, #248
 309              	@ 531 "Drivers/CMSIS/Include/cmsis_gcc.h" 1
 310 002c 92FAA2F2 		rbit r2, r2
 311              	@ 0 "" 2
 312              		.thumb
 313 0030 1969     		ldr	r1, [r3, #16]
 314 0032 B2FA82F2 		clz	r2, r2
 315 0036 41F00201 		orr	r1, r1, #2
 316 003a 9040     		lsls	r0, r0, r2
 317 003c 0843     		orrs	r0, r0, r1
 318 003e 1861     		str	r0, [r3, #16]
 319 0040 1A69     		ldr	r2, [r3, #16]
 320 0042 42F48032 		orr	r2, r2, #65536
 321 0046 1A61     		str	r2, [r3, #16]
 322 0048 7047     		bx	lr
 323              	.L62:
 324 004a 4FF48071 		mov	r1, #256
 325 004e E0E7     		b	.L60
 326              	.L65:
 327              		.align	2
 328              	.L64:
 329 0050 003C0240 		.word	1073888256
 331              		.section	.text.HAL_FLASHEx_Erase_IT,"ax",%progbits
 332              		.align	2
 333              		.global	HAL_FLASHEx_Erase_IT
 334              		.thumb
 335              		.thumb_func
 337              	HAL_FLASHEx_Erase_IT:
 338              		@ args = 0, pretend = 0, frame = 0
 339              		@ frame_needed = 0, uses_anonymous_args = 0
 340 0000 1C4A     		ldr	r2, .L72
 341 0002 38B5     		push	{r3, r4, r5, lr}
 342 0004 137E     		ldrb	r3, [r2, #24]	@ zero_extendqisi2
 343 0006 012B     		cmp	r3, #1
 344 0008 31D0     		beq	.L69
 345 000a 1B4B     		ldr	r3, .L72+4
 346 000c 1969     		ldr	r1, [r3, #16]
 347 000e 41F08071 		orr	r1, r1, #16777216
 348 0012 1961     		str	r1, [r3, #16]
 349 0014 1969     		ldr	r1, [r3, #16]
 350 0016 F324     		movs	r4, #243
 351 0018 41F00071 		orr	r1, r1, #33554432
 352 001c 1961     		str	r1, [r3, #16]
 353 001e DC60     		str	r4, [r3, #12]
 354 0020 0168     		ldr	r1, [r0]
 355 0022 0124     		movs	r4, #1
 356 0024 A142     		cmp	r1, r4
 357 0026 1476     		strb	r4, [r2, #24]
ARM GAS  /var/folders/_j/px34bss161g6w2_6fxy_byhh0000gn/T//ccvgr47f.s 			page 7


 358 0028 0BD0     		beq	.L71
 359 002a C568     		ldr	r5, [r0, #12]
 360 002c 8368     		ldr	r3, [r0, #8]
 361 002e 017C     		ldrb	r1, [r0, #16]	@ zero_extendqisi2
 362 0030 1470     		strb	r4, [r2]
 363 0032 5560     		str	r5, [r2, #4]
 364 0034 D360     		str	r3, [r2, #12]
 365 0036 1172     		strb	r1, [r2, #8]
 366 0038 8068     		ldr	r0, [r0, #8]
 367 003a FFF7FEFF 		bl	FLASH_Erase_Sector
 368 003e 0020     		movs	r0, #0
 369 0040 38BD     		pop	{r3, r4, r5, pc}
 370              	.L71:
 371 0042 4168     		ldr	r1, [r0, #4]
 372 0044 0224     		movs	r4, #2
 373 0046 1470     		strb	r4, [r2]
 374 0048 1161     		str	r1, [r2, #16]
 375 004a 1A69     		ldr	r2, [r3, #16]
 376 004c 0169     		ldr	r1, [r0, #16]
 377 004e 22F44072 		bic	r2, r2, #768
 378 0052 1A61     		str	r2, [r3, #16]
 379 0054 1A69     		ldr	r2, [r3, #16]
 380 0056 42F00402 		orr	r2, r2, #4
 381 005a 1A61     		str	r2, [r3, #16]
 382 005c 1A69     		ldr	r2, [r3, #16]
 383 005e C9B2     		uxtb	r1, r1
 384 0060 42F48032 		orr	r2, r2, #65536
 385 0064 42EA0122 		orr	r2, r2, r1, lsl #8
 386 0068 1A61     		str	r2, [r3, #16]
 387 006a 0020     		movs	r0, #0
 388 006c 38BD     		pop	{r3, r4, r5, pc}
 389              	.L69:
 390 006e 0220     		movs	r0, #2
 391 0070 38BD     		pop	{r3, r4, r5, pc}
 392              	.L73:
 393 0072 00BF     		.align	2
 394              	.L72:
 395 0074 00000000 		.word	pFlash
 396 0078 003C0240 		.word	1073888256
 398              		.section	.text.FLASH_FlushCaches,"ax",%progbits
 399              		.align	2
 400              		.global	FLASH_FlushCaches
 401              		.thumb
 402              		.thumb_func
 404              	FLASH_FlushCaches:
 405              		@ args = 0, pretend = 0, frame = 0
 406              		@ frame_needed = 0, uses_anonymous_args = 0
 407              		@ link register save eliminated.
 408 0000 144B     		ldr	r3, .L83
 409 0002 1A68     		ldr	r2, [r3]
 410 0004 9105     		lsls	r1, r2, #22
 411 0006 0FD5     		bpl	.L75
 412 0008 1A68     		ldr	r2, [r3]
 413 000a 22F40072 		bic	r2, r2, #512
 414 000e 1A60     		str	r2, [r3]
 415 0010 1A68     		ldr	r2, [r3]
 416 0012 42F40062 		orr	r2, r2, #2048
ARM GAS  /var/folders/_j/px34bss161g6w2_6fxy_byhh0000gn/T//ccvgr47f.s 			page 8


 417 0016 1A60     		str	r2, [r3]
 418 0018 1A68     		ldr	r2, [r3]
 419 001a 22F40062 		bic	r2, r2, #2048
 420 001e 1A60     		str	r2, [r3]
 421 0020 1A68     		ldr	r2, [r3]
 422 0022 42F40072 		orr	r2, r2, #512
 423 0026 1A60     		str	r2, [r3]
 424              	.L75:
 425 0028 0A4B     		ldr	r3, .L83
 426 002a 1A68     		ldr	r2, [r3]
 427 002c 5205     		lsls	r2, r2, #21
 428 002e 0FD5     		bpl	.L74
 429 0030 1A68     		ldr	r2, [r3]
 430 0032 22F48062 		bic	r2, r2, #1024
 431 0036 1A60     		str	r2, [r3]
 432 0038 1A68     		ldr	r2, [r3]
 433 003a 42F48052 		orr	r2, r2, #4096
 434 003e 1A60     		str	r2, [r3]
 435 0040 1A68     		ldr	r2, [r3]
 436 0042 22F48052 		bic	r2, r2, #4096
 437 0046 1A60     		str	r2, [r3]
 438 0048 1A68     		ldr	r2, [r3]
 439 004a 42F48062 		orr	r2, r2, #1024
 440 004e 1A60     		str	r2, [r3]
 441              	.L74:
 442 0050 7047     		bx	lr
 443              	.L84:
 444 0052 00BF     		.align	2
 445              	.L83:
 446 0054 003C0240 		.word	1073888256
 448              		.section	.text.HAL_FLASHEx_Erase,"ax",%progbits
 449              		.align	2
 450              		.global	HAL_FLASHEx_Erase
 451              		.thumb
 452              		.thumb_func
 454              	HAL_FLASHEx_Erase:
 455              		@ args = 0, pretend = 0, frame = 0
 456              		@ frame_needed = 0, uses_anonymous_args = 0
 457 0000 2DE9F843 		push	{r3, r4, r5, r6, r7, r8, r9, lr}
 458 0004 2D4F     		ldr	r7, .L99
 459 0006 3B7E     		ldrb	r3, [r7, #24]	@ zero_extendqisi2
 460 0008 012B     		cmp	r3, #1
 461 000a 02D1     		bne	.L97
 462 000c 0220     		movs	r0, #2
 463 000e BDE8F883 		pop	{r3, r4, r5, r6, r7, r8, r9, pc}
 464              	.L97:
 465 0012 0123     		movs	r3, #1
 466 0014 0446     		mov	r4, r0
 467 0016 4CF25030 		movw	r0, #50000
 468 001a 8846     		mov	r8, r1
 469 001c 3B76     		strb	r3, [r7, #24]
 470 001e FFF7FEFF 		bl	FLASH_WaitForLastOperation
 471 0022 0646     		mov	r6, r0
 472 0024 48BB     		cbnz	r0, .L87
 473 0026 4FF0FF33 		mov	r3, #-1
 474 002a C8F80030 		str	r3, [r8]
 475 002e 2368     		ldr	r3, [r4]
ARM GAS  /var/folders/_j/px34bss161g6w2_6fxy_byhh0000gn/T//ccvgr47f.s 			page 9


 476 0030 012B     		cmp	r3, #1
 477 0032 27D0     		beq	.L98
 478 0034 A568     		ldr	r5, [r4, #8]
 479 0036 E368     		ldr	r3, [r4, #12]
 480 0038 2B44     		add	r3, r3, r5
 481 003a 9D42     		cmp	r5, r3
 482 003c 1BD2     		bcs	.L89
 483 003e DFF88090 		ldr	r9, .L99+4
 484 0042 05E0     		b	.L92
 485              	.L91:
 486 0044 A268     		ldr	r2, [r4, #8]
 487 0046 E368     		ldr	r3, [r4, #12]
 488 0048 0135     		adds	r5, r5, #1
 489 004a 1344     		add	r3, r3, r2
 490 004c AB42     		cmp	r3, r5
 491 004e 12D9     		bls	.L89
 492              	.L92:
 493 0050 2846     		mov	r0, r5
 494 0052 217C     		ldrb	r1, [r4, #16]	@ zero_extendqisi2
 495 0054 FFF7FEFF 		bl	FLASH_Erase_Sector
 496 0058 4CF25030 		movw	r0, #50000
 497 005c FFF7FEFF 		bl	FLASH_WaitForLastOperation
 498 0060 D9F81030 		ldr	r3, [r9, #16]
 499 0064 23F0FA03 		bic	r3, r3, #250
 500 0068 C9F81030 		str	r3, [r9, #16]
 501 006c 0028     		cmp	r0, #0
 502 006e E9D0     		beq	.L91
 503 0070 0646     		mov	r6, r0
 504 0072 C8F80050 		str	r5, [r8]
 505              	.L89:
 506 0076 FFF7FEFF 		bl	FLASH_FlushCaches
 507              	.L87:
 508 007a 0023     		movs	r3, #0
 509 007c 3046     		mov	r0, r6
 510 007e 3B76     		strb	r3, [r7, #24]
 511 0080 BDE8F883 		pop	{r3, r4, r5, r6, r7, r8, r9, pc}
 512              	.L98:
 513 0084 0E4D     		ldr	r5, .L99+4
 514 0086 2269     		ldr	r2, [r4, #16]
 515 0088 2B69     		ldr	r3, [r5, #16]
 516 008a 23F44073 		bic	r3, r3, #768
 517 008e 2B61     		str	r3, [r5, #16]
 518 0090 2B69     		ldr	r3, [r5, #16]
 519 0092 43F00403 		orr	r3, r3, #4
 520 0096 2B61     		str	r3, [r5, #16]
 521 0098 2B69     		ldr	r3, [r5, #16]
 522 009a D2B2     		uxtb	r2, r2
 523 009c 43F48033 		orr	r3, r3, #65536
 524 00a0 43EA0223 		orr	r3, r3, r2, lsl #8
 525 00a4 2B61     		str	r3, [r5, #16]
 526 00a6 4CF25030 		movw	r0, #50000
 527 00aa FFF7FEFF 		bl	FLASH_WaitForLastOperation
 528 00ae 2B69     		ldr	r3, [r5, #16]
 529 00b0 23F00403 		bic	r3, r3, #4
 530 00b4 0646     		mov	r6, r0
 531 00b6 2B61     		str	r3, [r5, #16]
 532 00b8 DDE7     		b	.L89
ARM GAS  /var/folders/_j/px34bss161g6w2_6fxy_byhh0000gn/T//ccvgr47f.s 			page 10


 533              	.L100:
 534 00ba 00BF     		.align	2
 535              	.L99:
 536 00bc 00000000 		.word	pFlash
 537 00c0 003C0240 		.word	1073888256
 539              		.ident	"GCC: (GNU Tools for ARM Embedded Processors) 4.9.3 20150529 (release) [ARM/embedded-4_9-br
ARM GAS  /var/folders/_j/px34bss161g6w2_6fxy_byhh0000gn/T//ccvgr47f.s 			page 11


DEFINED SYMBOLS
                            *ABS*:0000000000000000 stm32f4xx_hal_flash_ex.c
/var/folders/_j/px34bss161g6w2_6fxy_byhh0000gn/T//ccvgr47f.s:17     .text.HAL_FLASHEx_OBProgram:0000000000000000 $t
/var/folders/_j/px34bss161g6w2_6fxy_byhh0000gn/T//ccvgr47f.s:22     .text.HAL_FLASHEx_OBProgram:0000000000000000 HAL_FLASHEx_OBProgram
/var/folders/_j/px34bss161g6w2_6fxy_byhh0000gn/T//ccvgr47f.s:124    .text.HAL_FLASHEx_OBProgram:00000000000000c0 $d
/var/folders/_j/px34bss161g6w2_6fxy_byhh0000gn/T//ccvgr47f.s:130    .text.HAL_FLASHEx_OBGetConfig:0000000000000000 $t
/var/folders/_j/px34bss161g6w2_6fxy_byhh0000gn/T//ccvgr47f.s:135    .text.HAL_FLASHEx_OBGetConfig:0000000000000000 HAL_FLASHEx_OBGetConfig
/var/folders/_j/px34bss161g6w2_6fxy_byhh0000gn/T//ccvgr47f.s:168    .text.HAL_FLASHEx_OBGetConfig:0000000000000038 $d
/var/folders/_j/px34bss161g6w2_6fxy_byhh0000gn/T//ccvgr47f.s:173    .text.HAL_FLASHEx_AdvOBProgram:0000000000000000 $t
/var/folders/_j/px34bss161g6w2_6fxy_byhh0000gn/T//ccvgr47f.s:178    .text.HAL_FLASHEx_AdvOBProgram:0000000000000000 HAL_FLASHEx_AdvOBProgram
/var/folders/_j/px34bss161g6w2_6fxy_byhh0000gn/T//ccvgr47f.s:217    .text.HAL_FLASHEx_AdvOBProgram:0000000000000044 $d
/var/folders/_j/px34bss161g6w2_6fxy_byhh0000gn/T//ccvgr47f.s:220    .text.HAL_FLASHEx_AdvOBGetConfig:0000000000000000 $t
/var/folders/_j/px34bss161g6w2_6fxy_byhh0000gn/T//ccvgr47f.s:225    .text.HAL_FLASHEx_AdvOBGetConfig:0000000000000000 HAL_FLASHEx_AdvOBGetConfig
/var/folders/_j/px34bss161g6w2_6fxy_byhh0000gn/T//ccvgr47f.s:236    .text.HAL_FLASHEx_AdvOBGetConfig:0000000000000008 $d
/var/folders/_j/px34bss161g6w2_6fxy_byhh0000gn/T//ccvgr47f.s:239    .text.HAL_FLASHEx_OB_SelectPCROP:0000000000000000 $t
/var/folders/_j/px34bss161g6w2_6fxy_byhh0000gn/T//ccvgr47f.s:244    .text.HAL_FLASHEx_OB_SelectPCROP:0000000000000000 HAL_FLASHEx_OB_SelectPCROP
/var/folders/_j/px34bss161g6w2_6fxy_byhh0000gn/T//ccvgr47f.s:257    .text.HAL_FLASHEx_OB_SelectPCROP:0000000000000010 $d
/var/folders/_j/px34bss161g6w2_6fxy_byhh0000gn/T//ccvgr47f.s:260    .text.HAL_FLASHEx_OB_DeSelectPCROP:0000000000000000 $t
/var/folders/_j/px34bss161g6w2_6fxy_byhh0000gn/T//ccvgr47f.s:265    .text.HAL_FLASHEx_OB_DeSelectPCROP:0000000000000000 HAL_FLASHEx_OB_DeSelectPCROP
/var/folders/_j/px34bss161g6w2_6fxy_byhh0000gn/T//ccvgr47f.s:278    .text.HAL_FLASHEx_OB_DeSelectPCROP:0000000000000010 $d
/var/folders/_j/px34bss161g6w2_6fxy_byhh0000gn/T//ccvgr47f.s:281    .text.FLASH_Erase_Sector:0000000000000000 $t
/var/folders/_j/px34bss161g6w2_6fxy_byhh0000gn/T//ccvgr47f.s:286    .text.FLASH_Erase_Sector:0000000000000000 FLASH_Erase_Sector
/var/folders/_j/px34bss161g6w2_6fxy_byhh0000gn/T//ccvgr47f.s:329    .text.FLASH_Erase_Sector:0000000000000050 $d
/var/folders/_j/px34bss161g6w2_6fxy_byhh0000gn/T//ccvgr47f.s:332    .text.HAL_FLASHEx_Erase_IT:0000000000000000 $t
/var/folders/_j/px34bss161g6w2_6fxy_byhh0000gn/T//ccvgr47f.s:337    .text.HAL_FLASHEx_Erase_IT:0000000000000000 HAL_FLASHEx_Erase_IT
/var/folders/_j/px34bss161g6w2_6fxy_byhh0000gn/T//ccvgr47f.s:395    .text.HAL_FLASHEx_Erase_IT:0000000000000074 $d
/var/folders/_j/px34bss161g6w2_6fxy_byhh0000gn/T//ccvgr47f.s:399    .text.FLASH_FlushCaches:0000000000000000 $t
/var/folders/_j/px34bss161g6w2_6fxy_byhh0000gn/T//ccvgr47f.s:404    .text.FLASH_FlushCaches:0000000000000000 FLASH_FlushCaches
/var/folders/_j/px34bss161g6w2_6fxy_byhh0000gn/T//ccvgr47f.s:446    .text.FLASH_FlushCaches:0000000000000054 $d
/var/folders/_j/px34bss161g6w2_6fxy_byhh0000gn/T//ccvgr47f.s:449    .text.HAL_FLASHEx_Erase:0000000000000000 $t
/var/folders/_j/px34bss161g6w2_6fxy_byhh0000gn/T//ccvgr47f.s:454    .text.HAL_FLASHEx_Erase:0000000000000000 HAL_FLASHEx_Erase
/var/folders/_j/px34bss161g6w2_6fxy_byhh0000gn/T//ccvgr47f.s:536    .text.HAL_FLASHEx_Erase:00000000000000bc $d

UNDEFINED SYMBOLS
FLASH_WaitForLastOperation
pFlash
