ARM GAS  /var/folders/_j/px34bss161g6w2_6fxy_byhh0000gn/T//ccB1L0nE.s 			page 1


   1              		.syntax unified
   2              		.cpu cortex-m4
   3              		.eabi_attribute 27, 1
   4              		.fpu fpv4-sp-d16
   5              		.eabi_attribute 20, 1
   6              		.eabi_attribute 21, 1
   7              		.eabi_attribute 23, 3
   8              		.eabi_attribute 24, 1
   9              		.eabi_attribute 25, 1
  10              		.eabi_attribute 26, 1
  11              		.eabi_attribute 30, 2
  12              		.eabi_attribute 34, 1
  13              		.eabi_attribute 18, 4
  14              		.thumb
  15              		.file	"stm32f4xx_hal_msp.c"
  16              		.section	.text.HAL_MspInit,"ax",%progbits
  17              		.align	2
  18              		.global	HAL_MspInit
  19              		.thumb
  20              		.thumb_func
  22              	HAL_MspInit:
  23              		@ args = 0, pretend = 0, frame = 0
  24              		@ frame_needed = 0, uses_anonymous_args = 0
  25 0000 08B5     		push	{r3, lr}
  26 0002 0720     		movs	r0, #7
  27 0004 FFF7FEFF 		bl	HAL_NVIC_SetPriorityGrouping
  28 0008 0021     		movs	r1, #0
  29 000a 0A46     		mov	r2, r1
  30 000c 6FF00B00 		mvn	r0, #11
  31 0010 FFF7FEFF 		bl	HAL_NVIC_SetPriority
  32 0014 0021     		movs	r1, #0
  33 0016 0A46     		mov	r2, r1
  34 0018 6FF00A00 		mvn	r0, #10
  35 001c FFF7FEFF 		bl	HAL_NVIC_SetPriority
  36 0020 0021     		movs	r1, #0
  37 0022 0A46     		mov	r2, r1
  38 0024 6FF00900 		mvn	r0, #9
  39 0028 FFF7FEFF 		bl	HAL_NVIC_SetPriority
  40 002c 0021     		movs	r1, #0
  41 002e 0A46     		mov	r2, r1
  42 0030 6FF00400 		mvn	r0, #4
  43 0034 FFF7FEFF 		bl	HAL_NVIC_SetPriority
  44 0038 0021     		movs	r1, #0
  45 003a 0A46     		mov	r2, r1
  46 003c 6FF00300 		mvn	r0, #3
  47 0040 FFF7FEFF 		bl	HAL_NVIC_SetPriority
  48 0044 0021     		movs	r1, #0
  49 0046 0A46     		mov	r2, r1
  50 0048 6FF00100 		mvn	r0, #1
  51 004c FFF7FEFF 		bl	HAL_NVIC_SetPriority
  52 0050 0021     		movs	r1, #0
  53 0052 0A46     		mov	r2, r1
  54 0054 4FF0FF30 		mov	r0, #-1
  55 0058 BDE80840 		pop	{r3, lr}
  56 005c FFF7FEBF 		b	HAL_NVIC_SetPriority
  58              		.section	.text.HAL_TIM_Base_MspInit,"ax",%progbits
  59              		.align	2
ARM GAS  /var/folders/_j/px34bss161g6w2_6fxy_byhh0000gn/T//ccB1L0nE.s 			page 2


  60              		.global	HAL_TIM_Base_MspInit
  61              		.thumb
  62              		.thumb_func
  64              	HAL_TIM_Base_MspInit:
  65              		@ args = 0, pretend = 0, frame = 8
  66              		@ frame_needed = 0, uses_anonymous_args = 0
  67 0000 0268     		ldr	r2, [r0]
  68 0002 0E4B     		ldr	r3, .L9
  69 0004 9A42     		cmp	r2, r3
  70 0006 00D0     		beq	.L8
  71 0008 7047     		bx	lr
  72              	.L8:
  73 000a 00B5     		push	{lr}
  74 000c 83B0     		sub	sp, sp, #12
  75 000e 0021     		movs	r1, #0
  76 0010 03F50633 		add	r3, r3, #137216
  77 0014 0191     		str	r1, [sp, #4]
  78 0016 1A6C     		ldr	r2, [r3, #64]
  79 0018 42F48072 		orr	r2, r2, #256
  80 001c 1A64     		str	r2, [r3, #64]
  81 001e 1B6C     		ldr	r3, [r3, #64]
  82 0020 03F48073 		and	r3, r3, #256
  83 0024 0193     		str	r3, [sp, #4]
  84 0026 0A46     		mov	r2, r1
  85 0028 2D20     		movs	r0, #45
  86 002a 019B     		ldr	r3, [sp, #4]
  87 002c FFF7FEFF 		bl	HAL_NVIC_SetPriority
  88 0030 2D20     		movs	r0, #45
  89 0032 FFF7FEFF 		bl	HAL_NVIC_EnableIRQ
  90 0036 03B0     		add	sp, sp, #12
  91              		@ sp needed
  92 0038 5DF804FB 		ldr	pc, [sp], #4
  93              	.L10:
  94              		.align	2
  95              	.L9:
  96 003c 00200040 		.word	1073750016
  98              		.section	.text.HAL_TIM_Base_MspDeInit,"ax",%progbits
  99              		.align	2
 100              		.global	HAL_TIM_Base_MspDeInit
 101              		.thumb
 102              		.thumb_func
 104              	HAL_TIM_Base_MspDeInit:
 105              		@ args = 0, pretend = 0, frame = 0
 106              		@ frame_needed = 0, uses_anonymous_args = 0
 107              		@ link register save eliminated.
 108 0000 0268     		ldr	r2, [r0]
 109 0002 064B     		ldr	r3, .L14
 110 0004 9A42     		cmp	r2, r3
 111 0006 00D0     		beq	.L13
 112 0008 7047     		bx	lr
 113              	.L13:
 114 000a 054A     		ldr	r2, .L14+4
 115 000c 136C     		ldr	r3, [r2, #64]
 116 000e 23F48073 		bic	r3, r3, #256
 117 0012 1364     		str	r3, [r2, #64]
 118 0014 2D20     		movs	r0, #45
 119 0016 FFF7FEBF 		b	HAL_NVIC_DisableIRQ
ARM GAS  /var/folders/_j/px34bss161g6w2_6fxy_byhh0000gn/T//ccB1L0nE.s 			page 3


 120              	.L15:
 121 001a 00BF     		.align	2
 122              	.L14:
 123 001c 00200040 		.word	1073750016
 124 0020 00380240 		.word	1073887232
 126              		.ident	"GCC: (GNU Tools for ARM Embedded Processors) 4.9.3 20150529 (release) [ARM/embedded-4_9-br
ARM GAS  /var/folders/_j/px34bss161g6w2_6fxy_byhh0000gn/T//ccB1L0nE.s 			page 4


DEFINED SYMBOLS
                            *ABS*:0000000000000000 stm32f4xx_hal_msp.c
/var/folders/_j/px34bss161g6w2_6fxy_byhh0000gn/T//ccB1L0nE.s:17     .text.HAL_MspInit:0000000000000000 $t
/var/folders/_j/px34bss161g6w2_6fxy_byhh0000gn/T//ccB1L0nE.s:22     .text.HAL_MspInit:0000000000000000 HAL_MspInit
/var/folders/_j/px34bss161g6w2_6fxy_byhh0000gn/T//ccB1L0nE.s:59     .text.HAL_TIM_Base_MspInit:0000000000000000 $t
/var/folders/_j/px34bss161g6w2_6fxy_byhh0000gn/T//ccB1L0nE.s:64     .text.HAL_TIM_Base_MspInit:0000000000000000 HAL_TIM_Base_MspInit
/var/folders/_j/px34bss161g6w2_6fxy_byhh0000gn/T//ccB1L0nE.s:96     .text.HAL_TIM_Base_MspInit:000000000000003c $d
/var/folders/_j/px34bss161g6w2_6fxy_byhh0000gn/T//ccB1L0nE.s:99     .text.HAL_TIM_Base_MspDeInit:0000000000000000 $t
/var/folders/_j/px34bss161g6w2_6fxy_byhh0000gn/T//ccB1L0nE.s:104    .text.HAL_TIM_Base_MspDeInit:0000000000000000 HAL_TIM_Base_MspDeInit
/var/folders/_j/px34bss161g6w2_6fxy_byhh0000gn/T//ccB1L0nE.s:123    .text.HAL_TIM_Base_MspDeInit:000000000000001c $d

UNDEFINED SYMBOLS
HAL_NVIC_SetPriorityGrouping
HAL_NVIC_SetPriority
HAL_NVIC_EnableIRQ
HAL_NVIC_DisableIRQ
