ARM GAS  /var/folders/_j/px34bss161g6w2_6fxy_byhh0000gn/T//ccH8LguU.s 			page 1


   1              		.syntax unified
   2              		.cpu cortex-m4
   3              		.eabi_attribute 27, 1
   4              		.fpu fpv4-sp-d16
   5              		.eabi_attribute 20, 1
   6              		.eabi_attribute 21, 1
   7              		.eabi_attribute 23, 3
   8              		.eabi_attribute 24, 1
   9              		.eabi_attribute 25, 1
  10              		.eabi_attribute 26, 1
  11              		.eabi_attribute 30, 2
  12              		.eabi_attribute 34, 1
  13              		.eabi_attribute 18, 4
  14              		.thumb
  15              		.file	"system_stm32f4xx.c"
  16              		.section	.text.SystemInit,"ax",%progbits
  17              		.align	2
  18              		.global	SystemInit
  19              		.thumb
  20              		.thumb_func
  22              	SystemInit:
  23              		@ args = 0, pretend = 0, frame = 0
  24              		@ frame_needed = 0, uses_anonymous_args = 0
  25              		@ link register save eliminated.
  26 0000 1049     		ldr	r1, .L3
  27 0002 114B     		ldr	r3, .L3+4
  28 0004 D1F88820 		ldr	r2, [r1, #136]
  29 0008 42F47002 		orr	r2, r2, #15728640
  30 000c 10B4     		push	{r4}
  31 000e C1F88820 		str	r2, [r1, #136]
  32 0012 1A68     		ldr	r2, [r3]
  33 0014 0D4C     		ldr	r4, .L3+8
  34 0016 0020     		movs	r0, #0
  35 0018 42F00102 		orr	r2, r2, #1
  36 001c 1A60     		str	r2, [r3]
  37 001e 9860     		str	r0, [r3, #8]
  38 0020 1A68     		ldr	r2, [r3]
  39 0022 22F08472 		bic	r2, r2, #17301504
  40 0026 22F48032 		bic	r2, r2, #65536
  41 002a 1A60     		str	r2, [r3]
  42 002c 5C60     		str	r4, [r3, #4]
  43 002e 1A68     		ldr	r2, [r3]
  44 0030 4FF00064 		mov	r4, #134217728
  45 0034 22F48022 		bic	r2, r2, #262144
  46 0038 1A60     		str	r2, [r3]
  47 003a D860     		str	r0, [r3, #12]
  48 003c 8C60     		str	r4, [r1, #8]
  49 003e 5DF8044B 		ldr	r4, [sp], #4
  50 0042 7047     		bx	lr
  51              	.L4:
  52              		.align	2
  53              	.L3:
  54 0044 00ED00E0 		.word	-536810240
  55 0048 00380240 		.word	1073887232
  56 004c 10300024 		.word	603992080
  58              		.section	.text.SystemCoreClockUpdate,"ax",%progbits
  59              		.align	2
ARM GAS  /var/folders/_j/px34bss161g6w2_6fxy_byhh0000gn/T//ccH8LguU.s 			page 2


  60              		.global	SystemCoreClockUpdate
  61              		.thumb
  62              		.thumb_func
  64              	SystemCoreClockUpdate:
  65              		@ args = 0, pretend = 0, frame = 0
  66              		@ frame_needed = 0, uses_anonymous_args = 0
  67              		@ link register save eliminated.
  68 0000 1848     		ldr	r0, .L15
  69 0002 8368     		ldr	r3, [r0, #8]
  70 0004 03F00C03 		and	r3, r3, #12
  71 0008 042B     		cmp	r3, #4
  72 000a 29D0     		beq	.L7
  73 000c 082B     		cmp	r3, #8
  74 000e 0AD0     		beq	.L8
  75 0010 154B     		ldr	r3, .L15+4
  76              	.L6:
  77 0012 144A     		ldr	r2, .L15
  78 0014 1548     		ldr	r0, .L15+8
  79 0016 9268     		ldr	r2, [r2, #8]
  80 0018 1549     		ldr	r1, .L15+12
  81 001a C2F30312 		ubfx	r2, r2, #4, #4
  82 001e 825C     		ldrb	r2, [r0, r2]	@ zero_extendqisi2
  83 0020 D340     		lsrs	r3, r3, r2
  84 0022 0B60     		str	r3, [r1]
  85 0024 7047     		bx	lr
  86              	.L8:
  87 0026 4368     		ldr	r3, [r0, #4]
  88 0028 4168     		ldr	r1, [r0, #4]
  89 002a 13F4800F 		tst	r3, #4194304
  90 002e 4368     		ldr	r3, [r0, #4]
  91 0030 18BF     		it	ne
  92 0032 1048     		ldrne	r0, .L15+16
  93 0034 01F03F02 		and	r2, r1, #63
  94 0038 0CBF     		ite	eq
  95 003a 0B49     		ldreq	r1, .L15+4
  96 003c B0FBF2F1 		udivne	r1, r0, r2
  97 0040 C3F38813 		ubfx	r3, r3, #6, #9
  98 0044 08BF     		it	eq
  99 0046 B1FBF2F1 		udiveq	r1, r1, r2
 100 004a 01FB03F2 		mul	r2, r1, r3
 101 004e 054B     		ldr	r3, .L15
 102 0050 5B68     		ldr	r3, [r3, #4]
 103 0052 C3F30143 		ubfx	r3, r3, #16, #2
 104 0056 0133     		adds	r3, r3, #1
 105 0058 5B00     		lsls	r3, r3, #1
 106 005a B2FBF3F3 		udiv	r3, r2, r3
 107 005e D8E7     		b	.L6
 108              	.L7:
 109 0060 044B     		ldr	r3, .L15+16
 110 0062 D6E7     		b	.L6
 111              	.L16:
 112              		.align	2
 113              	.L15:
 114 0064 00380240 		.word	1073887232
 115 0068 0024F400 		.word	16000000
 116 006c 00000000 		.word	.LANCHOR1
 117 0070 00000000 		.word	.LANCHOR0
ARM GAS  /var/folders/_j/px34bss161g6w2_6fxy_byhh0000gn/T//ccH8LguU.s 			page 3


 118 0074 00127A00 		.word	8000000
 120              		.global	APBPrescTable
 121              		.global	AHBPrescTable
 122              		.global	SystemCoreClock
 123              		.section	.rodata.AHBPrescTable,"a",%progbits
 124              		.align	2
 125              		.set	.LANCHOR1,. + 0
 128              	AHBPrescTable:
 129 0000 00       		.byte	0
 130 0001 00       		.byte	0
 131 0002 00       		.byte	0
 132 0003 00       		.byte	0
 133 0004 00       		.byte	0
 134 0005 00       		.byte	0
 135 0006 00       		.byte	0
 136 0007 00       		.byte	0
 137 0008 01       		.byte	1
 138 0009 02       		.byte	2
 139 000a 03       		.byte	3
 140 000b 04       		.byte	4
 141 000c 06       		.byte	6
 142 000d 07       		.byte	7
 143 000e 08       		.byte	8
 144 000f 09       		.byte	9
 145              		.section	.rodata.APBPrescTable,"a",%progbits
 146              		.align	2
 149              	APBPrescTable:
 150 0000 00       		.byte	0
 151 0001 00       		.byte	0
 152 0002 00       		.byte	0
 153 0003 00       		.byte	0
 154 0004 01       		.byte	1
 155 0005 02       		.byte	2
 156 0006 03       		.byte	3
 157 0007 04       		.byte	4
 158              		.section	.data.SystemCoreClock,"aw",%progbits
 159              		.align	2
 160              		.set	.LANCHOR0,. + 0
 163              	SystemCoreClock:
 164 0000 0024F400 		.word	16000000
 165              		.ident	"GCC: (GNU Tools for ARM Embedded Processors) 4.9.3 20150529 (release) [ARM/embedded-4_9-br
ARM GAS  /var/folders/_j/px34bss161g6w2_6fxy_byhh0000gn/T//ccH8LguU.s 			page 4


DEFINED SYMBOLS
                            *ABS*:0000000000000000 system_stm32f4xx.c
/var/folders/_j/px34bss161g6w2_6fxy_byhh0000gn/T//ccH8LguU.s:17     .text.SystemInit:0000000000000000 $t
/var/folders/_j/px34bss161g6w2_6fxy_byhh0000gn/T//ccH8LguU.s:22     .text.SystemInit:0000000000000000 SystemInit
/var/folders/_j/px34bss161g6w2_6fxy_byhh0000gn/T//ccH8LguU.s:54     .text.SystemInit:0000000000000044 $d
/var/folders/_j/px34bss161g6w2_6fxy_byhh0000gn/T//ccH8LguU.s:59     .text.SystemCoreClockUpdate:0000000000000000 $t
/var/folders/_j/px34bss161g6w2_6fxy_byhh0000gn/T//ccH8LguU.s:64     .text.SystemCoreClockUpdate:0000000000000000 SystemCoreClockUpdate
/var/folders/_j/px34bss161g6w2_6fxy_byhh0000gn/T//ccH8LguU.s:114    .text.SystemCoreClockUpdate:0000000000000064 $d
/var/folders/_j/px34bss161g6w2_6fxy_byhh0000gn/T//ccH8LguU.s:149    .rodata.APBPrescTable:0000000000000000 APBPrescTable
/var/folders/_j/px34bss161g6w2_6fxy_byhh0000gn/T//ccH8LguU.s:128    .rodata.AHBPrescTable:0000000000000000 AHBPrescTable
/var/folders/_j/px34bss161g6w2_6fxy_byhh0000gn/T//ccH8LguU.s:163    .data.SystemCoreClock:0000000000000000 SystemCoreClock
/var/folders/_j/px34bss161g6w2_6fxy_byhh0000gn/T//ccH8LguU.s:124    .rodata.AHBPrescTable:0000000000000000 $d
/var/folders/_j/px34bss161g6w2_6fxy_byhh0000gn/T//ccH8LguU.s:146    .rodata.APBPrescTable:0000000000000000 $d
/var/folders/_j/px34bss161g6w2_6fxy_byhh0000gn/T//ccH8LguU.s:159    .data.SystemCoreClock:0000000000000000 $d

NO UNDEFINED SYMBOLS
